Using pre-set license
Built from '2020.3/staging' branch; Version is '2020.3.11f1 (99c7afb366b3) revision 10078127'; Using compiler version '192528614'; Build Type 'Release'
OS: 'Windows 10 Enterprise LTSC 2019; OS build 17763.2061; Version 1809; 64bit' Language: 'en' Physical Memory: 8028 MB
BatchMode: 1, IsHumanControllingUs: 0, StartBugReporterOnCrash: 0, Is64bit: 1, IsPro: 0

 COMMAND LINE ARGUMENTS:
C:\Program Files\Unity\Hub\Editor\2020.3.11f1\Editor\Unity.exe
-adb2
-batchMode
-noUpm
-name
AssetImportWorker0
-projectPath
D:/Unity Projects/mini-project-main/FPS
-logFile
Logs/AssetImportWorker0.log
-srvPort
59973
Successfully changed project path to: D:/Unity Projects/mini-project-main/FPS
D:/Unity Projects/mini-project-main/FPS
Using Asset Import Pipeline V2.
Refreshing native plugins compatible for Editor in 38.77 ms, found 5 plugins.
Preloading 0 native plugins for Editor in 0.00 ms.
Initialize engine version: 2020.3.11f1 (99c7afb366b3)
[Subsystems] Discovering subsystems at path C:/Program Files/Unity/Hub/Editor/2020.3.11f1/Editor/Data/Resources/UnitySubsystems
[Subsystems] Discovering subsystems at path D:/Unity Projects/mini-project-main/FPS/Assets
GfxDevice: creating device client; threaded=0
Direct3D:
    Version:  Direct3D 11.0 [level 11.1]
    Renderer: NVIDIA GeForce GTX 1650 (ID=0x1f91)
    Vendor:   
    VRAM:     3962 MB
    Driver:   30.0.14.7111
Initialize mono
Mono path[0] = 'C:/Program Files/Unity/Hub/Editor/2020.3.11f1/Editor/Data/Managed'
Mono path[1] = 'C:/Program Files/Unity/Hub/Editor/2020.3.11f1/Editor/Data/MonoBleedingEdge/lib/mono/unityjit'
Mono config path = 'C:/Program Files/Unity/Hub/Editor/2020.3.11f1/Editor/Data/MonoBleedingEdge/etc'
Using monoOptions --debugger-agent=transport=dt_socket,embedding=1,server=y,suspend=n,address=127.0.0.1:56608
Begin MonoManager ReloadAssembly
Registering precompiled unity dll's ...
Register platform support module: C:/Program Files/Unity/Hub/Editor/2020.3.11f1/Editor/Data/PlaybackEngines/WindowsStandaloneSupport/UnityEditor.WindowsStandalone.Extensions.dll
Registered in 0.001178 seconds.
Native extension for WindowsStandalone target not found
Refreshing native plugins compatible for Editor in 32.24 ms, found 5 plugins.
Preloading 0 native plugins for Editor in 0.00 ms.
Mono: successfully reloaded assembly
- Completed reload, in  0.828 seconds
Platform modules already initialized, skipping
Registering precompiled user dll's ...
Registered in 0.004308 seconds.
Begin MonoManager ReloadAssembly
Native extension for WindowsStandalone target not found
Refreshing native plugins compatible for Editor in 0.62 ms, found 5 plugins.
Preloading 0 native plugins for Editor in 0.00 ms.
Mono: successfully reloaded assembly
- Completed reload, in  0.889 seconds
Platform modules already initialized, skipping
========================================================================
Worker process is ready to serve import requests
Launched and connected shader compiler UnityShaderCompiler.exe after 0.04 seconds
Refreshing native plugins compatible for Editor in 0.73 ms, found 5 plugins.
Preloading 0 native plugins for Editor in 0.00 ms.
Unloading 1840 Unused Serialized files (Serialized files now loaded: 0)
System memory in use before: 81.4 MB.
System memory in use after: 81.4 MB.

Unloading 59 unused Assets to reduce memory usage. Loaded Objects now: 2235.
Total: 2.483700 ms (FindLiveObjects: 0.325800 ms CreateObjectMapping: 0.098000 ms MarkObjects: 1.960500 ms  DeleteObjects: 0.097100 ms)

========================================================================
Received Import Request.
  path: Assets/Scripts/Player/PlayerGroundCheck.cs
  artifactKey: Guid(0a0bf37ab611c904c859daa5171742f3) Importer(815301076,1909f56bfc062723c751e8b465ee728b)
Start importing Assets/Scripts/Player/PlayerGroundCheck.cs using Guid(0a0bf37ab611c904c859daa5171742f3) Importer(815301076,1909f56bfc062723c751e8b465ee728b)  -> (artifact id: '300445955823274212e1f7682fa48b3a') in 0.027338 seconds
  Import took 0.030506 seconds .

========================================================================
Received Import Request.
  Time since last request: 0.000239 seconds.
  path: Assets/Scripts/Player/PlayerManager.cs
  artifactKey: Guid(881cba19f6bbcae478d4fad1fc48cee6) Importer(815301076,1909f56bfc062723c751e8b465ee728b)
Start importing Assets/Scripts/Player/PlayerManager.cs using Guid(881cba19f6bbcae478d4fad1fc48cee6) Importer(815301076,1909f56bfc062723c751e8b465ee728b)  -> (artifact id: '16828374ff6a86ea6c7a64435c22f011') in 0.012511 seconds
  Import took 0.016234 seconds .

========================================================================
Received Import Request.
  Time since last request: 2.707157 seconds.
  path: Assets/Scripts/Player/PlayerController.cs
  artifactKey: Guid(c7586ef82f2367e47af76a49b34411a9) Importer(815301076,1909f56bfc062723c751e8b465ee728b)
Start importing Assets/Scripts/Player/PlayerController.cs using Guid(c7586ef82f2367e47af76a49b34411a9) Importer(815301076,1909f56bfc062723c751e8b465ee728b)  -> (artifact id: '942c47968bb6081d8aa32980bfd456e0') in 0.006118 seconds
  Import took 0.071671 seconds .

========================================================================
Received Prepare
Registering precompiled user dll's ...
Registered in 0.004485 seconds.
Begin MonoManager ReloadAssembly
Native extension for WindowsStandalone target not found
Refreshing native plugins compatible for Editor in 0.62 ms, found 5 plugins.
Preloading 0 native plugins for Editor in 0.00 ms.
Mono: successfully reloaded assembly
- Completed reload, in  0.824 seconds
Platform modules already initialized, skipping
Refreshing native plugins compatible for Editor in 0.65 ms, found 5 plugins.
Preloading 0 native plugins for Editor in 0.00 ms.
Unloading 1817 Unused Serialized files (Serialized files now loaded: 0)
System memory in use before: 79.8 MB.
System memory in use after: 79.9 MB.

Unloading 56 unused Assets to reduce memory usage. Loaded Objects now: 2236.
Total: 1.895200 ms (FindLiveObjects: 0.169900 ms CreateObjectMapping: 0.051900 ms MarkObjects: 1.647000 ms  DeleteObjects: 0.025700 ms)

========================================================================
Received Import Request.
  Time since last request: 98.763466 seconds.
  path: Assets/Scripts/Menu
  artifactKey: Guid(78a3153159625cb4fa9394a06d433e69) Importer(815301076,1909f56bfc062723c751e8b465ee728b)
Start importing Assets/Scripts/Menu using Guid(78a3153159625cb4fa9394a06d433e69) Importer(815301076,1909f56bfc062723c751e8b465ee728b)  -> (artifact id: '68d025c6598f74839f9852312a67b0f0') in 0.020568 seconds
  Import took 0.024812 seconds .

========================================================================
Received Prepare
Registering precompiled user dll's ...
Registered in 0.004728 seconds.
Begin MonoManager ReloadAssembly
Native extension for WindowsStandalone target not found
Refreshing native plugins compatible for Editor in 0.66 ms, found 5 plugins.
Preloading 0 native plugins for Editor in 0.00 ms.
Mono: successfully reloaded assembly
- Completed reload, in  0.867 seconds
Platform modules already initialized, skipping
Refreshing native plugins compatible for Editor in 1.09 ms, found 5 plugins.
Preloading 0 native plugins for Editor in 0.00 ms.
Unloading 1817 Unused Serialized files (Serialized files now loaded: 0)
System memory in use before: 79.8 MB.
System memory in use after: 79.9 MB.

Unloading 53 unused Assets to reduce memory usage. Loaded Objects now: 2240.
Total: 1.885600 ms (FindLiveObjects: 0.169800 ms CreateObjectMapping: 0.050600 ms MarkObjects: 1.642900 ms  DeleteObjects: 0.021500 ms)

========================================================================
Received Import Request.
  Time since last request: 19.593847 seconds.
  path: Assets/Scripts
  artifactKey: Guid(4b636b054f50efc41bc513eb2c608d53) Importer(815301076,1909f56bfc062723c751e8b465ee728b)
Start importing Assets/Scripts using Guid(4b636b054f50efc41bc513eb2c608d53) Importer(815301076,1909f56bfc062723c751e8b465ee728b)  -> (artifact id: '5c03b8f258b55669853addfc4cd614be') in 0.011211 seconds
  Import took 0.014174 seconds .

========================================================================
Received Import Request.
  Time since last request: 5.750663 seconds.
  path: Assets/Scripts/Game
  artifactKey: Guid(2a947917a17051549abde6a3087a0f54) Importer(815301076,1909f56bfc062723c751e8b465ee728b)
Start importing Assets/Scripts/Game using Guid(2a947917a17051549abde6a3087a0f54) Importer(815301076,1909f56bfc062723c751e8b465ee728b)  -> (artifact id: 'b21ee84c5e1177d8c0f62b186c1568c5') in 0.007184 seconds
  Import took 0.010513 seconds .

========================================================================
Received Prepare
Registering precompiled user dll's ...
Registered in 0.004602 seconds.
Begin MonoManager ReloadAssembly
Native extension for WindowsStandalone target not found
Refreshing native plugins compatible for Editor in 0.71 ms, found 5 plugins.
Preloading 0 native plugins for Editor in 0.00 ms.
Mono: successfully reloaded assembly
- Completed reload, in  0.916 seconds
Platform modules already initialized, skipping
Refreshing native plugins compatible for Editor in 0.69 ms, found 5 plugins.
Preloading 0 native plugins for Editor in 0.00 ms.
Unloading 1817 Unused Serialized files (Serialized files now loaded: 0)
System memory in use before: 79.8 MB.
System memory in use after: 79.9 MB.

Unloading 53 unused Assets to reduce memory usage. Loaded Objects now: 2244.
Total: 1.780500 ms (FindLiveObjects: 0.194200 ms CreateObjectMapping: 0.058900 ms MarkObjects: 1.503500 ms  DeleteObjects: 0.023200 ms)

========================================================================
Received Prepare
Registering precompiled user dll's ...
Registered in 0.004580 seconds.
Begin MonoManager ReloadAssembly
Native extension for WindowsStandalone target not found
Refreshing native plugins compatible for Editor in 0.69 ms, found 5 plugins.
Preloading 0 native plugins for Editor in 0.00 ms.
Mono: successfully reloaded assembly
- Completed reload, in  0.845 seconds
Platform modules already initialized, skipping
Refreshing native plugins compatible for Editor in 0.67 ms, found 5 plugins.
Preloading 0 native plugins for Editor in 0.00 ms.
Unloading 1817 Unused Serialized files (Serialized files now loaded: 0)
System memory in use before: 79.8 MB.
System memory in use after: 80.0 MB.

Unloading 53 unused Assets to reduce memory usage. Loaded Objects now: 2248.
Total: 1.808800 ms (FindLiveObjects: 0.143800 ms CreateObjectMapping: 0.050400 ms MarkObjects: 1.588000 ms  DeleteObjects: 0.025900 ms)

========================================================================
Received Prepare
Registering precompiled user dll's ...
Registered in 0.004798 seconds.
Begin MonoManager ReloadAssembly
Native extension for WindowsStandalone target not found
Refreshing native plugins compatible for Editor in 0.62 ms, found 5 plugins.
Preloading 0 native plugins for Editor in 0.00 ms.
Mono: successfully reloaded assembly
- Completed reload, in  0.846 seconds
Platform modules already initialized, skipping
Refreshing native plugins compatible for Editor in 0.65 ms, found 5 plugins.
Preloading 0 native plugins for Editor in 0.00 ms.
Unloading 1817 Unused Serialized files (Serialized files now loaded: 0)
System memory in use before: 79.8 MB.
System memory in use after: 80.0 MB.

Unloading 53 unused Assets to reduce memory usage. Loaded Objects now: 2252.
Total: 1.713200 ms (FindLiveObjects: 0.151000 ms CreateObjectMapping: 0.053700 ms MarkObjects: 1.484200 ms  DeleteObjects: 0.023500 ms)

========================================================================
Received Prepare
Registering precompiled user dll's ...
Registered in 0.004537 seconds.
Begin MonoManager ReloadAssembly
Native extension for WindowsStandalone target not found
Refreshing native plugins compatible for Editor in 0.63 ms, found 5 plugins.
Preloading 0 native plugins for Editor in 0.00 ms.
Mono: successfully reloaded assembly
- Completed reload, in  0.861 seconds
Platform modules already initialized, skipping
Refreshing native plugins compatible for Editor in 0.68 ms, found 5 plugins.
Preloading 0 native plugins for Editor in 0.00 ms.
Unloading 1817 Unused Serialized files (Serialized files now loaded: 0)
System memory in use before: 79.9 MB.
System memory in use after: 80.0 MB.

Unloading 53 unused Assets to reduce memory usage. Loaded Objects now: 2256.
Total: 2.047500 ms (FindLiveObjects: 0.188400 ms CreateObjectMapping: 0.058000 ms MarkObjects: 1.775100 ms  DeleteObjects: 0.024800 ms)

========================================================================
Received Prepare
Registering precompiled user dll's ...
Registered in 0.005226 seconds.
Begin MonoManager ReloadAssembly
Native extension for WindowsStandalone target not found
Refreshing native plugins compatible for Editor in 0.65 ms, found 5 plugins.
Preloading 0 native plugins for Editor in 0.00 ms.
Mono: successfully reloaded assembly
- Completed reload, in  0.882 seconds
Platform modules already initialized, skipping
Refreshing native plugins compatible for Editor in 0.63 ms, found 5 plugins.
Preloading 0 native plugins for Editor in 0.00 ms.
Unloading 1817 Unused Serialized files (Serialized files now loaded: 0)
System memory in use before: 79.9 MB.
System memory in use after: 80.0 MB.

Unloading 53 unused Assets to reduce memory usage. Loaded Objects now: 2260.
Total: 1.925000 ms (FindLiveObjects: 0.170500 ms CreateObjectMapping: 0.050800 ms MarkObjects: 1.681400 ms  DeleteObjects: 0.021500 ms)

========================================================================
Received Prepare
Registering precompiled user dll's ...
Registered in 0.004609 seconds.
Begin MonoManager ReloadAssembly
Native extension for WindowsStandalone target not found
Refreshing native plugins compatible for Editor in 0.65 ms, found 5 plugins.
Preloading 0 native plugins for Editor in 0.00 ms.
Mono: successfully reloaded assembly
- Completed reload, in  0.810 seconds
Platform modules already initialized, skipping
Refreshing native plugins compatible for Editor in 0.65 ms, found 5 plugins.
Preloading 0 native plugins for Editor in 0.00 ms.
Unloading 1817 Unused Serialized files (Serialized files now loaded: 0)
System memory in use before: 79.9 MB.
System memory in use after: 80.0 MB.

Unloading 53 unused Assets to reduce memory usage. Loaded Objects now: 2264.
Total: 1.701500 ms (FindLiveObjects: 0.150700 ms CreateObjectMapping: 0.054200 ms MarkObjects: 1.472800 ms  DeleteObjects: 0.023100 ms)

========================================================================
Received Import Request.
  Time since last request: 110.688678 seconds.
  path: Assets/Scenes/Menu.unity
  artifactKey: Guid(9b5e4e61cc63f22449fd0d972e8d3913) Importer(815301076,1909f56bfc062723c751e8b465ee728b)
Start importing Assets/Scenes/Menu.unity using Guid(9b5e4e61cc63f22449fd0d972e8d3913) Importer(815301076,1909f56bfc062723c751e8b465ee728b)  -> (artifact id: '5ec7d7a738dc21ebeb76872e47dac146') in 0.035145 seconds
  Import took 0.037943 seconds .

========================================================================
Received Prepare
Registering precompiled user dll's ...
Registered in 0.005397 seconds.
Begin MonoManager ReloadAssembly
Native extension for WindowsStandalone target not found
Refreshing native plugins compatible for Editor in 0.67 ms, found 5 plugins.
Preloading 0 native plugins for Editor in 0.00 ms.
Mono: successfully reloaded assembly
- Completed reload, in  0.906 seconds
Platform modules already initialized, skipping
Refreshing native plugins compatible for Editor in 0.67 ms, found 5 plugins.
Preloading 0 native plugins for Editor in 0.00 ms.
Unloading 1817 Unused Serialized files (Serialized files now loaded: 0)
System memory in use before: 79.9 MB.
System memory in use after: 80.0 MB.

Unloading 53 unused Assets to reduce memory usage. Loaded Objects now: 2268.
Total: 1.777100 ms (FindLiveObjects: 0.183400 ms CreateObjectMapping: 0.063800 ms MarkObjects: 1.505400 ms  DeleteObjects: 0.023800 ms)

AssetImportWorkerClient::OnTransportError - code=2 error=End of file
